2012/11/18 14:50:55 [error] [php] Invalid argument supplied for foreach() (C:\wamp\www\todo\protected\extensions\less\lib\lessphp\lessc.inc.php:283)
Stack trace:
#0 C:\wamp\www\todo\protected\extensions\less\components\LessCompiler.php(65): lessc->parse()
#1 C:\wamp\www\todo\protected\extensions\less\components\LessCompiler.php(85): LessCompiler->compile()
#2 C:\wamp\www\todo\protected\extensions\less\components\LessCompiler.php(49): LessCompiler->compileAll()
#3 C:\wamp\www\framework\base\CModule.php(388): LessCompiler->init()
#4 C:\wamp\www\framework\base\CModule.php(493): CWebApplication->getComponent()
#5 C:\wamp\www\framework\base\CApplication.php(146): CWebApplication->preloadComponents()
#6 C:\wamp\www\framework\YiiBase.php(127): CWebApplication->__construct()
#7 C:\wamp\www\framework\YiiBase.php(100): createApplication()
#8 C:\wamp\www\todo\index.php(11): createWebApplication()
REQUEST_URI=/todo/index.php/site/index
2012/11/18 14:56:28 [error] [exception.CHttpException.404] exception 'CHttpException' with message 'Unable to resolve the request "site/index".' in C:\wamp\www\framework\web\CWebApplication.php:287
Stack trace:
#0 C:\wamp\www\framework\web\CWebApplication.php(142): CWebApplication->runController('site/index')
#1 C:\wamp\www\framework\base\CApplication.php(162): CWebApplication->processRequest()
#2 C:\wamp\www\todo\index.php(11): CApplication->run()
#3 {main}
REQUEST_URI=/todo/index.php/site/index
HTTP_REFERER=http://localhost/todo/index.php/site/index
---
2012/11/18 14:57:10 [error] [exception.CHttpException.404] exception 'CHttpException' with message 'Unable to resolve the request "site/index".' in C:\wamp\www\framework\web\CWebApplication.php:287
Stack trace:
#0 C:\wamp\www\framework\web\CWebApplication.php(142): CWebApplication->runController('site/index')
#1 C:\wamp\www\framework\base\CApplication.php(162): CWebApplication->processRequest()
#2 C:\wamp\www\todo\index.php(11): CApplication->run()
#3 {main}
REQUEST_URI=/todo/index.php/site/index
HTTP_REFERER=http://localhost/todo/index.php/site/index
---
2012/11/18 14:57:24 [error] [php] Missing argument 1 for CController::render(), called in C:\wamp\www\todo\protected\controllers\TodoController.php on line 16 and defined (C:\wamp\www\framework\web\CController.php:779)
Stack trace:
#0 C:\wamp\www\framework\web\CController.php(309): CInlineAction->runWithParams()
#1 C:\wamp\www\framework\web\CController.php(287): TodoController->runAction()
#2 C:\wamp\www\framework\web\CController.php(266): TodoController->runActionWithFilters()
#3 C:\wamp\www\framework\web\CWebApplication.php(283): TodoController->run()
#4 C:\wamp\www\framework\web\CWebApplication.php(142): CWebApplication->runController()
#5 C:\wamp\www\framework\base\CApplication.php(162): CWebApplication->processRequest()
#6 C:\wamp\www\todo\index.php(11): CWebApplication->run()
REQUEST_URI=/todo/index.php
2012/11/18 14:57:35 [error] [exception.CException] exception 'CException' with message 'TodoController cannot find the requested view "index".' in C:\wamp\www\framework\web\CController.php:879
Stack trace:
#0 C:\wamp\www\framework\web\CController.php(783): CController->renderPartial('index', NULL, true)
#1 C:\wamp\www\todo\protected\controllers\TodoController.php(16): CController->render('index')
#2 C:\wamp\www\framework\web\actions\CInlineAction.php(50): TodoController->actionIndex()
#3 C:\wamp\www\framework\web\CController.php(309): CInlineAction->runWithParams(Array)
#4 C:\wamp\www\framework\web\CController.php(287): CController->runAction(Object(CInlineAction))
#5 C:\wamp\www\framework\web\CController.php(266): CController->runActionWithFilters(Object(CInlineAction), Array)
#6 C:\wamp\www\framework\web\CWebApplication.php(283): CController->run('')
#7 C:\wamp\www\framework\web\CWebApplication.php(142): CWebApplication->runController('')
#8 C:\wamp\www\framework\base\CApplication.php(162): CWebApplication->processRequest()
#9 C:\wamp\www\todo\index.php(11): CApplication->run()
#10 {main}
REQUEST_URI=/todo/index.php
---
2012/11/18 15:20:40 [error] [exception.CException] exception 'CException' with message 'LessCompiler: Failed to compile less file with message: parse error: failed at `border-bottom: 1px solid $light-blue;` line: 24.' in C:\wamp\www\todo\protected\extensions\less\components\LessCompiler.php:69
Stack trace:
#0 C:\wamp\www\todo\protected\extensions\less\components\LessCompiler.php(85): LessCompiler->compile('C:/wamp/www/tod...', 'C:/wamp/www/tod...')
#1 C:\wamp\www\todo\protected\extensions\less\components\LessCompiler.php(49): LessCompiler->compileAll()
#2 C:\wamp\www\framework\base\CModule.php(388): LessCompiler->init()
#3 C:\wamp\www\framework\base\CModule.php(493): CModule->getComponent('less')
#4 C:\wamp\www\framework\base\CApplication.php(146): CModule->preloadComponents()
#5 C:\wamp\www\framework\YiiBase.php(127): CApplication->__construct('C:\wamp\www\tod...')
#6 C:\wamp\www\framework\YiiBase.php(100): YiiBase::createApplication('CWebApplication', 'C:\wamp\www\tod...')
#7 C:\wamp\www\todo\index.php(11): YiiBase::createWebApplication('C:\wamp\www\tod...')
#8 {main}
REQUEST_URI=/todo/index.php
HTTP_REFERER=http://localhost/todo/index.php
---
